A.L.E: Arcade Learning Environment (version 0.11.2+ecc1138)
[Powered by Stella]
Device: cuda
Config: double=False, dueling=False, env=ALE/Breakout-v5
Action space: 4 actions — ['NOOP', 'FIRE', 'RIGHT', 'LEFT']
Online net params: 1,686,180
step=   21000  eps=0.917  loss=0.0001  qmean=0.060  avg_ret100=0.12  sps=470
step=   22000  eps=0.913  loss=0.0002  qmean=0.056  avg_ret100=0.19  sps=449
step=   23000  eps=0.909  loss=0.0154  qmean=0.059  avg_ret100=0.26  sps=434
step=   24000  eps=0.905  loss=0.0002  qmean=0.058  avg_ret100=0.33  sps=421
step=   25000  eps=0.901  loss=0.0001  qmean=0.059  avg_ret100=0.36  sps=410
step=   26000  eps=0.897  loss=0.0157  qmean=0.057  avg_ret100=0.32  sps=399
step=   27000  eps=0.893  loss=0.0001  qmean=0.059  avg_ret100=0.20  sps=387
step=   28000  eps=0.889  loss=0.0001  qmean=0.058  avg_ret100=0.26  sps=379
step=   29000  eps=0.885  loss=0.0001  qmean=0.062  avg_ret100=0.35  sps=373
step=   30000  eps=0.881  loss=0.0002  qmean=0.064  avg_ret100=0.35  sps=366
step=   31000  eps=0.877  loss=0.0001  qmean=0.055  avg_ret100=0.40  sps=359
step=   32000  eps=0.873  loss=0.0001  qmean=0.056  avg_ret100=0.35  sps=352
step=   33000  eps=0.869  loss=0.0001  qmean=0.057  avg_ret100=0.39  sps=347
step=   34000  eps=0.865  loss=0.0000  qmean=0.059  avg_ret100=0.41  sps=342
step=   35000  eps=0.861  loss=0.0001  qmean=0.057  avg_ret100=0.44  sps=338
step=   36000  eps=0.857  loss=0.0154  qmean=0.061  avg_ret100=0.40  sps=334
step=   37000  eps=0.853  loss=0.0000  qmean=0.056  avg_ret100=0.33  sps=331
step=   38000  eps=0.850  loss=0.0001  qmean=0.058  avg_ret100=0.28  sps=327
step=   39000  eps=0.846  loss=0.0001  qmean=0.062  avg_ret100=0.31  sps=324
step=   40000  eps=0.842  loss=0.0001  qmean=0.056  avg_ret100=0.26  sps=322
step=   41000  eps=0.838  loss=0.0001  qmean=0.056  avg_ret100=0.30  sps=319
step=   42000  eps=0.834  loss=0.0000  qmean=0.060  avg_ret100=0.20  sps=316
step=   43000  eps=0.830  loss=0.0000  qmean=0.060  avg_ret100=0.21  sps=313
step=   44000  eps=0.826  loss=0.0001  qmean=0.061  avg_ret100=0.25  sps=312
step=   45000  eps=0.822  loss=0.0001  qmean=0.059  avg_ret100=0.29  sps=310
step=   46000  eps=0.818  loss=0.0000  qmean=0.057  avg_ret100=0.38  sps=308
step=   47000  eps=0.814  loss=0.0001  qmean=0.060  avg_ret100=0.31  sps=307
step=   48000  eps=0.810  loss=0.0001  qmean=0.059  avg_ret100=0.25  sps=305
step=   49000  eps=0.806  loss=0.0154  qmean=0.064  avg_ret100=0.21  sps=304
step=   50000  eps=0.802  loss=0.0000  qmean=0.058  avg_ret100=0.25  sps=302
step=   51000  eps=0.798  loss=0.0001  qmean=0.059  avg_ret100=0.27  sps=301
step=   52000  eps=0.794  loss=0.0001  qmean=0.065  avg_ret100=0.30  sps=300
step=   53000  eps=0.790  loss=0.0000  qmean=0.073  avg_ret100=0.34  sps=299
step=   54000  eps=0.786  loss=0.0155  qmean=0.070  avg_ret100=0.33  sps=298
step=   55000  eps=0.782  loss=0.0002  qmean=0.070  avg_ret100=0.32  sps=296
step=   56000  eps=0.778  loss=0.0000  qmean=0.074  avg_ret100=0.28  sps=295
step=   57000  eps=0.774  loss=0.0001  qmean=0.081  avg_ret100=0.27  sps=294
step=   58000  eps=0.770  loss=0.0000  qmean=0.071  avg_ret100=0.24  sps=292
step=   59000  eps=0.766  loss=0.0001  qmean=0.077  avg_ret100=0.26  sps=291
step=   60000  eps=0.762  loss=0.0001  qmean=0.072  avg_ret100=0.29  sps=290
step=   61000  eps=0.758  loss=0.0153  qmean=0.074  avg_ret100=0.28  sps=289
step=   62000  eps=0.754  loss=0.0000  qmean=0.074  avg_ret100=0.26  sps=288
step=   63000  eps=0.751  loss=0.0000  qmean=0.073  avg_ret100=0.22  sps=287
step=   64000  eps=0.747  loss=0.0001  qmean=0.068  avg_ret100=0.30  sps=287
step=   65000  eps=0.743  loss=0.0002  qmean=0.071  avg_ret100=0.30  sps=286
step=   66000  eps=0.739  loss=0.0001  qmean=0.074  avg_ret100=0.34  sps=285
step=   67000  eps=0.735  loss=0.0003  qmean=0.073  avg_ret100=0.33  sps=284
step=   68000  eps=0.731  loss=0.0002  qmean=0.072  avg_ret100=0.30  sps=284
step=   69000  eps=0.727  loss=0.0312  qmean=0.071  avg_ret100=0.32  sps=283
step=   70000  eps=0.723  loss=0.0153  qmean=0.074  avg_ret100=0.31  sps=281
step=   71000  eps=0.719  loss=0.0002  qmean=0.075  avg_ret100=0.31  sps=280
step=   72000  eps=0.715  loss=0.0000  qmean=0.068  avg_ret100=0.30  sps=279
step=   73000  eps=0.711  loss=0.0001  qmean=0.072  avg_ret100=0.32  sps=278
step=   74000  eps=0.707  loss=0.0001  qmean=0.068  avg_ret100=0.30  sps=277
step=   75000  eps=0.703  loss=0.0001  qmean=0.072  avg_ret100=0.30  sps=277
step=   76000  eps=0.699  loss=0.0002  qmean=0.070  avg_ret100=0.22  sps=276
step=   77000  eps=0.695  loss=0.0000  qmean=0.070  avg_ret100=0.22  sps=274
step=   78000  eps=0.691  loss=0.0001  qmean=0.072  avg_ret100=0.20  sps=273
step=   79000  eps=0.687  loss=0.0002  qmean=0.072  avg_ret100=0.16  sps=272
step=   80000  eps=0.683  loss=0.0001  qmean=0.070  avg_ret100=0.14  sps=271
step=   81000  eps=0.679  loss=0.0002  qmean=0.076  avg_ret100=0.21  sps=270
step=   82000  eps=0.675  loss=0.0000  qmean=0.074  avg_ret100=0.29  sps=269
step=   83000  eps=0.671  loss=0.0000  qmean=0.073  avg_ret100=0.35  sps=269
step=   84000  eps=0.667  loss=0.0153  qmean=0.073  avg_ret100=0.41  sps=269
step=   85000  eps=0.663  loss=0.0003  qmean=0.084  avg_ret100=0.43  sps=268
step=   86000  eps=0.659  loss=0.0002  qmean=0.082  avg_ret100=0.40  sps=268
step=   87000  eps=0.655  loss=0.0156  qmean=0.076  avg_ret100=0.40  sps=267
step=   88000  eps=0.652  loss=0.0001  qmean=0.079  avg_ret100=0.31  sps=267
step=   89000  eps=0.648  loss=0.0000  qmean=0.079  avg_ret100=0.29  sps=267
step=   90000  eps=0.644  loss=0.0001  qmean=0.079  avg_ret100=0.21  sps=266
step=   91000  eps=0.640  loss=0.0001  qmean=0.081  avg_ret100=0.21  sps=266
step=   92000  eps=0.636  loss=0.0155  qmean=0.081  avg_ret100=0.22  sps=266
step=   93000  eps=0.632  loss=0.0002  qmean=0.082  avg_ret100=0.15  sps=265
step=   94000  eps=0.628  loss=0.0000  qmean=0.077  avg_ret100=0.11  sps=265
step=   95000  eps=0.624  loss=0.0003  qmean=0.084  avg_ret100=0.13  sps=264
step=   96000  eps=0.620  loss=0.0001  qmean=0.079  avg_ret100=0.21  sps=264
step=   97000  eps=0.616  loss=0.0001  qmean=0.080  avg_ret100=0.29  sps=263
step=   98000  eps=0.612  loss=0.0001  qmean=0.081  avg_ret100=0.32  sps=263
step=   99000  eps=0.608  loss=0.0155  qmean=0.078  avg_ret100=0.38  sps=263
step=  100000  eps=0.604  loss=0.0001  qmean=0.076  avg_ret100=0.40  sps=263
[EVAL @ step 100000] return=0.00 ± 0.00
step=  101000  eps=0.600  loss=0.0003  qmean=0.084  avg_ret100=0.37  sps=171
step=  102000  eps=0.596  loss=0.0000  qmean=0.078  avg_ret100=0.38  sps=171
step=  103000  eps=0.592  loss=0.0000  qmean=0.082  avg_ret100=0.36  sps=172
step=  104000  eps=0.588  loss=0.0003  qmean=0.085  avg_ret100=0.34  sps=172
step=  105000  eps=0.584  loss=0.0001  qmean=0.088  avg_ret100=0.31  sps=172
step=  106000  eps=0.580  loss=0.0001  qmean=0.084  avg_ret100=0.29  sps=173
step=  107000  eps=0.576  loss=0.0000  qmean=0.080  avg_ret100=0.22  sps=173
step=  108000  eps=0.572  loss=0.0000  qmean=0.076  avg_ret100=0.22  sps=173
step=  109000  eps=0.568  loss=0.0001  qmean=0.078  avg_ret100=0.20  sps=174
step=  110000  eps=0.564  loss=0.0001  qmean=0.082  avg_ret100=0.20  sps=174
step=  111000  eps=0.560  loss=0.0152  qmean=0.082  avg_ret100=0.20  sps=174
step=  112000  eps=0.556  loss=0.0001  qmean=0.079  avg_ret100=0.18  sps=175
step=  113000  eps=0.553  loss=0.0000  qmean=0.081  avg_ret100=0.18  sps=175
step=  114000  eps=0.549  loss=0.0152  qmean=0.083  avg_ret100=0.18  sps=176
step=  115000  eps=0.545  loss=0.0002  qmean=0.078  avg_ret100=0.22  sps=176
step=  116000  eps=0.541  loss=0.0000  qmean=0.080  avg_ret100=0.22  sps=176
step=  117000  eps=0.537  loss=0.0002  qmean=0.085  avg_ret100=0.31  sps=177
step=  118000  eps=0.533  loss=0.0001  qmean=0.082  avg_ret100=0.30  sps=177
step=  119000  eps=0.529  loss=0.0000  qmean=0.086  avg_ret100=0.36  sps=177
step=  120000  eps=0.525  loss=0.0156  qmean=0.092  avg_ret100=0.33  sps=178
step=  121000  eps=0.521  loss=0.0001  qmean=0.083  avg_ret100=0.38  sps=178
step=  122000  eps=0.517  loss=0.0002  qmean=0.094  avg_ret100=0.40  sps=178
step=  123000  eps=0.513  loss=0.0001  qmean=0.085  avg_ret100=0.39  sps=179
